<?xml version="1.0" encoding="UTF-8"?>
<!-- Generated by org.testng.reporters.JUnitReportReporter -->
<testsuite skipped="0" hostname="DESKTOP-1M3J3HM" name="selenium.Gmail" tests="2" failures="0" timestamp="24 Jul 2019 14:13:32 GMT" time="9.325" errors="0">
  <testcase name="gmailSearch" time="6.308" classname="selenium.Gmail"/>
  <testcase name="login" time="3.017" classname="selenium.Gmail"/>
</testsuite> <!-- selenium.Gmail -->
