<?xml version="1.0" encoding="UTF-8"?>
<!-- Generated by org.testng.reporters.JUnitReportReporter -->
<testsuite skipped="0" hostname="DESKTOP-1M3J3HM" name="selenium.ComposeMail" tests="2" failures="0" timestamp="24 Jul 2019 14:13:32 GMT" time="23.500" errors="0">
  <testcase name="compose" time="21.434" classname="selenium.ComposeMail"/>
  <testcase name="draft" time="2.066" classname="selenium.ComposeMail"/>
</testsuite> <!-- selenium.ComposeMail -->
