<?xml version="1.0" encoding="UTF-8"?>
<!-- Generated by org.testng.reporters.JUnitReportReporter -->
<testsuite skipped="0" hostname="DESKTOP-1M3J3HM" name="selenium.Gmail" tests="2" failures="0" timestamp="23 Jul 2019 19:48:17 GMT" time="9.456" errors="0">
  <testcase name="gmailSearch" time="5.736" classname="selenium.Gmail"/>
  <testcase name="login" time="3.720" classname="selenium.Gmail"/>
</testsuite> <!-- selenium.Gmail -->
